# JRE version: OpenJDK Runtime Environment (8.0_76-b03) (build 1.8.0_76-release-b03)
# Java VM: OpenJDK 64-Bit Server VM (25.76-b03 mixed mode windows-amd64 compressed oops)
Heap:
 PSYoungGen      total 176128K, used 78200K [0x00000000eab00000, 0x00000000f8200000, 0x0000000100000000)
  eden space 159232K, 38% used [0x00000000eab00000,0x00000000ee7447e0,0x00000000f4680000)
  from space 16896K, 97% used [0x00000000f7180000,0x00000000f8199928,0x00000000f8200000)
  to   space 26624K, 0% used [0x00000000f4e00000,0x00000000f4e00000,0x00000000f6800000)
 ParOldGen       total 164864K, used 43476K [0x00000000c0000000, 0x00000000ca100000, 0x00000000eab00000)
  object space 164864K, 26% used [0x00000000c0000000,0x00000000c2a752b0,0x00000000ca100000)
 Metaspace       used 64640K, capacity 67420K, committed 67696K, reserved 1107968K
  class space    used 8414K, capacity 9008K, committed 9080K, reserved 1048576K
GC Heap History (10 events):
Event: 869.192 GC heap before
{Heap before GC invocations=22 (full 5):
 PSYoungGen      total 123904K, used 123888K [0x00000000eab00000, 0x00000000f3700000, 0x0000000100000000)
  eden space 110592K, 100% used [0x00000000eab00000,0x00000000f1700000,0x00000000f1700000)
  from space 13312K, 99% used [0x00000000f2680000,0x00000000f337c090,0x00000000f3380000)
  to   space 15872K, 0% used [0x00000000f1700000,0x00000000f1700000,0x00000000f2680000)
 ParOldGen       total 114176K, used 16390K [0x00000000c0000000, 0x00000000c6f80000, 0x00000000eab00000)
  object space 114176K, 14% used [0x00000000c0000000,0x00000000c10018a0,0x00000000c6f80000)
 Metaspace       used 57919K, capacity 60022K, committed 60328K, reserved 1101824K
  class space    used 7553K, capacity 7990K, committed 8112K, reserved 1048576K
Event: 869.260 GC heap after
Heap after GC invocations=22 (full 5):
 PSYoungGen      total 126464K, used 15863K [0x00000000eab00000, 0x00000000f5c80000, 0x0000000100000000)
  eden space 110592K, 0% used [0x00000000eab00000,0x00000000eab00000,0x00000000f1700000)
  from space 15872K, 99% used [0x00000000f1700000,0x00000000f267dd30,0x00000000f2680000)
  to   space 22016K, 0% used [0x00000000f4700000,0x00000000f4700000,0x00000000f5c80000)
 ParOldGen       total 114176K, used 24959K [0x00000000c0000000, 0x00000000c6f80000, 0x00000000eab00000)
  object space 114176K, 21% used [0x00000000c0000000,0x00000000c185fed0,0x00000000c6f80000)
 Metaspace       used 57919K, capacity 60022K, committed 60328K, reserved 1101824K
  class space    used 7553K, capacity 7990K, committed 8112K, reserved 1048576K
}
Event: 870.252 GC heap before
{Heap before GC invocations=23 (full 5):
 PSYoungGen      total 126464K, used 86483K [0x00000000eab00000, 0x00000000f5c80000, 0x0000000100000000)
  eden space 110592K, 63% used [0x00000000eab00000,0x00000000eeff71d0,0x00000000f1700000)
  from space 15872K, 99% used [0x00000000f1700000,0x00000000f267dd30,0x00000000f2680000)
  to   space 22016K, 0% used [0x00000000f4700000,0x00000000f4700000,0x00000000f5c80000)
 ParOldGen       total 114176K, used 24959K [0x00000000c0000000, 0x00000000c6f80000, 0x00000000eab00000)
  object space 114176K, 21% used [0x00000000c0000000,0x00000000c185fed0,0x00000000c6f80000)
 Metaspace       used 59443K, capacity 61922K, committed 61936K, reserved 1103872K
  class space    used 7874K, capacity 8429K, committed 8440K, reserved 1048576K
Event: 870.324 GC heap after
Heap after GC invocations=23 (full 5):
 PSYoungGen      total 154624K, used 22003K [0x00000000eab00000, 0x00000000f7000000, 0x0000000100000000)
  eden space 132608K, 0% used [0x00000000eab00000,0x00000000eab00000,0x00000000f2c80000)
  from space 22016K, 99% used [0x00000000f4700000,0x00000000f5c7cd50,0x00000000f5c80000)
  to   space 27136K, 0% used [0x00000000f2c80000,0x00000000f2c80000,0x00000000f4700000)
 ParOldGen       total 114176K, used 28651K [0x00000000c0000000, 0x00000000c6f80000, 0x00000000eab00000)
  object space 114176K, 25% used [0x00000000c0000000,0x00000000c1bfac10,0x00000000c6f80000)
 Metaspace       used 59443K, capacity 61922K, committed 61936K, reserved 1103872K
  class space    used 7874K, capacity 8429K, committed 8440K, reserved 1048576K
}
Event: 870.325 GC heap before
{Heap before GC invocations=24 (full 6):
 PSYoungGen      total 154624K, used 22003K [0x00000000eab00000, 0x00000000f7000000, 0x0000000100000000)
  eden space 132608K, 0% used [0x00000000eab00000,0x00000000eab00000,0x00000000f2c80000)
  from space 22016K, 99% used [0x00000000f4700000,0x00000000f5c7cd50,0x00000000f5c80000)
  to   space 27136K, 0% used [0x00000000f2c80000,0x00000000f2c80000,0x00000000f4700000)
 ParOldGen       total 114176K, used 28651K [0x00000000c0000000, 0x00000000c6f80000, 0x00000000eab00000)
  object space 114176K, 25% used [0x00000000c0000000,0x00000000c1bfac10,0x00000000c6f80000)
 Metaspace       used 59443K, capacity 61922K, committed 61936K, reserved 1103872K
  class space    used 7874K, capacity 8429K, committed 8440K, reserved 1048576K
Event: 870.558 GC heap after
Heap after GC invocations=24 (full 6):
 PSYoungGen      total 154624K, used 0K [0x00000000eab00000, 0x00000000f7000000, 0x0000000100000000)
  eden space 132608K, 0% used [0x00000000eab00000,0x00000000eab00000,0x00000000f2c80000)
  from space 22016K, 0% used [0x00000000f4700000,0x00000000f4700000,0x00000000f5c80000)
  to   space 27136K, 0% used [0x00000000f2c80000,0x00000000f2c80000,0x00000000f4700000)
 ParOldGen       total 164864K, used 43460K [0x00000000c0000000, 0x00000000ca100000, 0x00000000eab00000)
  object space 164864K, 26% used [0x00000000c0000000,0x00000000c2a712b0,0x00000000ca100000)
 Metaspace       used 59378K, capacity 61766K, committed 61936K, reserved 1103872K
  class space    used 7855K, capacity 8377K, committed 8440K, reserved 1048576K
}
Event: 878.575 GC heap before
{Heap before GC invocations=25 (full 6):
 PSYoungGen      total 154624K, used 132608K [0x00000000eab00000, 0x00000000f7000000, 0x0000000100000000)
  eden space 132608K, 100% used [0x00000000eab00000,0x00000000f2c80000,0x00000000f2c80000)
  from space 22016K, 0% used [0x00000000f4700000,0x00000000f4700000,0x00000000f5c80000)
  to   space 27136K, 0% used [0x00000000f2c80000,0x00000000f2c80000,0x00000000f4700000)
 ParOldGen       total 164864K, used 43460K [0x00000000c0000000, 0x00000000ca100000, 0x00000000eab00000)
  object space 164864K, 26% used [0x00000000c0000000,0x00000000c2a712b0,0x00000000ca100000)
 Metaspace       used 61679K, capacity 64410K, committed 64496K, reserved 1105920K
  class space    used 8125K, capacity 8677K, committed 8696K, reserved 1048576K
Event: 878.590 GC heap after
Heap after GC invocations=25 (full 6):
 PSYoungGen      total 159744K, used 7704K [0x00000000eab00000, 0x00000000f8a80000, 0x0000000100000000)
  eden space 132608K, 0% used [0x00000000eab00000,0x00000000eab00000,0x00000000f2c80000)
  from space 27136K, 28% used [0x00000000f2c80000,0x00000000f3406038,0x00000000f4700000)
  to   space 25600K, 0% used [0x00000000f7180000,0x00000000f7180000,0x00000000f8a80000)
 ParOldGen       total 164864K, used 43468K [0x00000000c0000000, 0x00000000ca100000, 0x00000000eab00000)
  object space 164864K, 26% used [0x00000000c0000000,0x00000000c2a732b0,0x00000000ca100000)
 Metaspace       used 61679K, capacity 64410K, committed 64496K, reserved 1105920K
  class space    used 8125K, capacity 8677K, committed 8696K, reserved 1048576K
}
Event: 895.973 GC heap before
{Heap before GC invocations=26 (full 6):
 PSYoungGen      total 159744K, used 140312K [0x00000000eab00000, 0x00000000f8a80000, 0x0000000100000000)
  eden space 132608K, 100% used [0x00000000eab00000,0x00000000f2c80000,0x00000000f2c80000)
  from space 27136K, 28% used [0x00000000f2c80000,0x00000000f3406038,0x00000000f4700000)
  to   space 25600K, 0% used [0x00000000f7180000,0x00000000f7180000,0x00000000f8a80000)
 ParOldGen       total 164864K, used 43468K [0x00000000c0000000, 0x00000000ca100000, 0x00000000eab00000)
  object space 164864K, 26% used [0x00000000c0000000,0x00000000c2a732b0,0x00000000ca100000)
 Metaspace       used 64382K, capacity 67184K, committed 67440K, reserved 1107968K
  class space    used 8394K, capacity 8974K, committed 9080K, reserved 1048576K
Event: 896.008 GC heap after
Heap after GC invocations=26 (full 6):
 PSYoungGen      total 176128K, used 16486K [0x00000000eab00000, 0x00000000f8200000, 0x0000000100000000)
  eden space 159232K, 0% used [0x00000000eab00000,0x00000000eab00000,0x00000000f4680000)
  from space 16896K, 97% used [0x00000000f7180000,0x00000000f8199928,0x00000000f8200000)
  to   space 26624K, 0% used [0x00000000f4e00000,0x00000000f4e00000,0x00000000f6800000)
 ParOldGen       total 164864K, used 43476K [0x00000000c0000000, 0x00000000ca100000, 0x00000000eab00000)
  object space 164864K, 26% used [0x00000000c0000000,0x00000000c2a752b0,0x00000000ca100000)
 Metaspace       used 64382K, capacity 67184K, committed 67440K, reserved 1107968K
  class space    used 8394K, capacity 8974K, committed 9080K, reserved 1048576K
}

