# JRE version: OpenJDK Runtime Environment (8.0_76-b03) (build 1.8.0_76-release-b03)
# Java VM: OpenJDK 64-Bit Server VM (25.76-b03 mixed mode windows-amd64 compressed oops)
Heap:
 PSYoungGen      total 165888K, used 131342K [0x00000000eab00000, 0x00000000f6200000, 0x0000000100000000)
  eden space 150528K, 77% used [0x00000000eab00000,0x00000000f1c4a6f0,0x00000000f3e00000)
  from space 15360K, 99% used [0x00000000f5180000,0x00000000f60791e0,0x00000000f6080000)
  to   space 18432K, 0% used [0x00000000f3e00000,0x00000000f3e00000,0x00000000f5000000)
 ParOldGen       total 129536K, used 22032K [0x00000000c0000000, 0x00000000c7e80000, 0x00000000eab00000)
  object space 129536K, 17% used [0x00000000c0000000,0x00000000c1584398,0x00000000c7e80000)
 Metaspace       used 51029K, capacity 52402K, committed 52656K, reserved 1095680K
  class space    used 6747K, capacity 7083K, committed 7088K, reserved 1048576K
GC Heap History (10 events):
Event: 6.806 GC heap before
{Heap before GC invocations=6 (full 1):
 PSYoungGen      total 90112K, used 90100K [0x00000000eab00000, 0x00000000f3700000, 0x0000000100000000)
  eden space 84992K, 100% used [0x00000000eab00000,0x00000000efe00000,0x00000000efe00000)
  from space 5120K, 99% used [0x00000000f3200000,0x00000000f36fd120,0x00000000f3700000)
  to   space 5120K, 0% used [0x00000000f2d00000,0x00000000f2d00000,0x00000000f3200000)
 ParOldGen       total 76288K, used 14167K [0x00000000c0000000, 0x00000000c4a80000, 0x00000000eab00000)
  object space 76288K, 18% used [0x00000000c0000000,0x00000000c0dd5e50,0x00000000c4a80000)
 Metaspace       used 28141K, capacity 28706K, committed 29104K, reserved 1075200K
  class space    used 3805K, capacity 3965K, committed 4016K, reserved 1048576K
Event: 6.816 GC heap after
Heap after GC invocations=6 (full 1):
 PSYoungGen      total 110592K, used 5106K [0x00000000eab00000, 0x00000000f3280000, 0x0000000100000000)
  eden space 105472K, 0% used [0x00000000eab00000,0x00000000eab00000,0x00000000f1200000)
  from space 5120K, 99% used [0x00000000f2d00000,0x00000000f31fca38,0x00000000f3200000)
  to   space 512K, 0% used [0x00000000f3200000,0x00000000f3200000,0x00000000f3280000)
 ParOldGen       total 76288K, used 14361K [0x00000000c0000000, 0x00000000c4a80000, 0x00000000eab00000)
  object space 76288K, 18% used [0x00000000c0000000,0x00000000c0e06590,0x00000000c4a80000)
 Metaspace       used 28141K, capacity 28706K, committed 29104K, reserved 1075200K
  class space    used 3805K, capacity 3965K, committed 4016K, reserved 1048576K
}
Event: 8.366 GC heap before
{Heap before GC invocations=7 (full 1):
 PSYoungGen      total 110592K, used 92236K [0x00000000eab00000, 0x00000000f3280000, 0x0000000100000000)
  eden space 105472K, 82% used [0x00000000eab00000,0x00000000f0016830,0x00000000f1200000)
  from space 5120K, 99% used [0x00000000f2d00000,0x00000000f31fca38,0x00000000f3200000)
  to   space 512K, 0% used [0x00000000f3200000,0x00000000f3200000,0x00000000f3280000)
 ParOldGen       total 76288K, used 14361K [0x00000000c0000000, 0x00000000c4a80000, 0x00000000eab00000)
  object space 76288K, 18% used [0x00000000c0000000,0x00000000c0e06590,0x00000000c4a80000)
 Metaspace       used 34584K, capacity 35128K, committed 35496K, reserved 1079296K
  class space    used 4621K, capacity 4785K, committed 4912K, reserved 1048576K
Event: 8.392 GC heap after
Heap after GC invocations=7 (full 1):
 PSYoungGen      total 124928K, used 512K [0x00000000eab00000, 0x00000000f4800000, 0x0000000100000000)
  eden space 124416K, 0% used [0x00000000eab00000,0x00000000eab00000,0x00000000f2480000)
  from space 512K, 100% used [0x00000000f3200000,0x00000000f3280000,0x00000000f3280000)
  to   space 13824K, 0% used [0x00000000f2480000,0x00000000f2480000,0x00000000f3200000)
 ParOldGen       total 76288K, used 26240K [0x00000000c0000000, 0x00000000c4a80000, 0x00000000eab00000)
  object space 76288K, 34% used [0x00000000c0000000,0x00000000c19a0178,0x00000000c4a80000)
 Metaspace       used 34584K, capacity 35128K, committed 35496K, reserved 1079296K
  class space    used 4621K, capacity 4785K, committed 4912K, reserved 1048576K
}
Event: 8.392 GC heap before
{Heap before GC invocations=8 (full 2):
 PSYoungGen      total 124928K, used 512K [0x00000000eab00000, 0x00000000f4800000, 0x0000000100000000)
  eden space 124416K, 0% used [0x00000000eab00000,0x00000000eab00000,0x00000000f2480000)
  from space 512K, 100% used [0x00000000f3200000,0x00000000f3280000,0x00000000f3280000)
  to   space 13824K, 0% used [0x00000000f2480000,0x00000000f2480000,0x00000000f3200000)
 ParOldGen       total 76288K, used 26240K [0x00000000c0000000, 0x00000000c4a80000, 0x00000000eab00000)
  object space 76288K, 34% used [0x00000000c0000000,0x00000000c19a0178,0x00000000c4a80000)
 Metaspace       used 34584K, capacity 35128K, committed 35496K, reserved 1079296K
  class space    used 4621K, capacity 4785K, committed 4912K, reserved 1048576K
Event: 8.584 GC heap after
Heap after GC invocations=8 (full 2):
 PSYoungGen      total 124928K, used 0K [0x00000000eab00000, 0x00000000f4800000, 0x0000000100000000)
  eden space 124416K, 0% used [0x00000000eab00000,0x00000000eab00000,0x00000000f2480000)
  from space 512K, 0% used [0x00000000f3200000,0x00000000f3200000,0x00000000f3280000)
  to   space 13824K, 0% used [0x00000000f2480000,0x00000000f2480000,0x00000000f3200000)
 ParOldGen       total 129536K, used 19199K [0x00000000c0000000, 0x00000000c7e80000, 0x00000000eab00000)
  object space 129536K, 14% used [0x00000000c0000000,0x00000000c12bfd78,0x00000000c7e80000)
 Metaspace       used 34584K, capacity 35128K, committed 35496K, reserved 1079296K
  class space    used 4621K, capacity 4785K, committed 4912K, reserved 1048576K
}
Event: 10.617 GC heap before
{Heap before GC invocations=9 (full 2):
 PSYoungGen      total 124928K, used 124416K [0x00000000eab00000, 0x00000000f4800000, 0x0000000100000000)
  eden space 124416K, 100% used [0x00000000eab00000,0x00000000f2480000,0x00000000f2480000)
  from space 512K, 0% used [0x00000000f3200000,0x00000000f3200000,0x00000000f3280000)
  to   space 13824K, 0% used [0x00000000f2480000,0x00000000f2480000,0x00000000f3200000)
 ParOldGen       total 129536K, used 19199K [0x00000000c0000000, 0x00000000c7e80000, 0x00000000eab00000)
  object space 129536K, 14% used [0x00000000c0000000,0x00000000c12bfd78,0x00000000c7e80000)
 Metaspace       used 43504K, capacity 44492K, committed 44848K, reserved 1087488K
  class space    used 5813K, capacity 6076K, committed 6192K, reserved 1048576K
Event: 10.635 GC heap after
Heap after GC invocations=9 (full 2):
 PSYoungGen      total 138240K, used 11792K [0x00000000eab00000, 0x00000000f6080000, 0x0000000100000000)
  eden space 124416K, 0% used [0x00000000eab00000,0x00000000eab00000,0x00000000f2480000)
  from space 13824K, 85% used [0x00000000f2480000,0x00000000f3004300,0x00000000f3200000)
  to   space 15360K, 0% used [0x00000000f5180000,0x00000000f5180000,0x00000000f6080000)
 ParOldGen       total 129536K, used 19271K [0x00000000c0000000, 0x00000000c7e80000, 0x00000000eab00000)
  object space 129536K, 14% used [0x00000000c0000000,0x00000000c12d1d88,0x00000000c7e80000)
 Metaspace       used 43504K, capacity 44492K, committed 44848K, reserved 1087488K
  class space    used 5813K, capacity 6076K, committed 6192K, reserved 1048576K
}
Event: 19.214 GC heap before
{Heap before GC invocations=10 (full 2):
 PSYoungGen      total 138240K, used 136208K [0x00000000eab00000, 0x00000000f6080000, 0x0000000100000000)
  eden space 124416K, 100% used [0x00000000eab00000,0x00000000f2480000,0x00000000f2480000)
  from space 13824K, 85% used [0x00000000f2480000,0x00000000f3004300,0x00000000f3200000)
  to   space 15360K, 0% used [0x00000000f5180000,0x00000000f5180000,0x00000000f6080000)
 ParOldGen       total 129536K, used 19271K [0x00000000c0000000, 0x00000000c7e80000, 0x00000000eab00000)
  object space 129536K, 14% used [0x00000000c0000000,0x00000000c12d1d88,0x00000000c7e80000)
 Metaspace       used 48786K, capacity 50074K, committed 50480K, reserved 1093632K
  class space    used 6511K, capacity 6849K, committed 6960K, reserved 1048576K
Event: 19.238 GC heap after
Heap after GC invocations=10 (full 2):
 PSYoungGen      total 165888K, used 15332K [0x00000000eab00000, 0x00000000f6200000, 0x0000000100000000)
  eden space 150528K, 0% used [0x00000000eab00000,0x00000000eab00000,0x00000000f3e00000)
  from space 15360K, 99% used [0x00000000f5180000,0x00000000f60791e0,0x00000000f6080000)
  to   space 18432K, 0% used [0x00000000f3e00000,0x00000000f3e00000,0x00000000f5000000)
 ParOldGen       total 129536K, used 22032K [0x00000000c0000000, 0x00000000c7e80000, 0x00000000eab00000)
  object space 129536K, 17% used [0x00000000c0000000,0x00000000c1584398,0x00000000c7e80000)
 Metaspace       used 48786K, capacity 50074K, committed 50480K, reserved 1093632K
  class space    used 6511K, capacity 6849K, committed 6960K, reserved 1048576K
}

