# JRE version: OpenJDK Runtime Environment (8.0_76-b03) (build 1.8.0_76-release-b03)
# Java VM: OpenJDK 64-Bit Server VM (25.76-b03 mixed mode windows-amd64 compressed oops)
Heap:
 PSYoungGen      total 253440K, used 151855K [0x00000000eab00000, 0x00000000fc000000, 0x0000000100000000)
  eden space 225792K, 56% used [0x00000000eab00000,0x00000000f27cbd48,0x00000000f8780000)
  from space 27648K, 87% used [0x00000000f8780000,0x00000000f9efff60,0x00000000fa280000)
  to   space 22528K, 0% used [0x00000000fa280000,0x00000000fa280000,0x00000000fb880000)
 ParOldGen       total 99328K, used 48360K [0x00000000c0000000, 0x00000000c6100000, 0x00000000eab00000)
  object space 99328K, 48% used [0x00000000c0000000,0x00000000c2f3a340,0x00000000c6100000)
 Metaspace       used 66396K, capacity 69138K, committed 69296K, reserved 1110016K
  class space    used 8701K, capacity 9306K, committed 9392K, reserved 1048576K
GC Heap History (10 events):
Event: 35.573 GC heap before
{Heap before GC invocations=16 (full 3):
 PSYoungGen      total 189440K, used 174772K [0x00000000eab00000, 0x00000000f9580000, 0x0000000100000000)
  eden space 167936K, 100% used [0x00000000eab00000,0x00000000f4f00000,0x00000000f4f00000)
  from space 21504K, 31% used [0x00000000f6380000,0x00000000f6a2d1f0,0x00000000f7880000)
  to   space 20992K, 0% used [0x00000000f4f00000,0x00000000f4f00000,0x00000000f6380000)
 ParOldGen       total 99328K, used 40742K [0x00000000c0000000, 0x00000000c6100000, 0x00000000eab00000)
  object space 99328K, 41% used [0x00000000c0000000,0x00000000c27c9890,0x00000000c6100000)
 Metaspace       used 56947K, capacity 59118K, committed 59440K, reserved 1099776K
  class space    used 7660K, capacity 8152K, committed 8240K, reserved 1048576K
Event: 35.587 GC heap after
Heap after GC invocations=16 (full 3):
 PSYoungGen      total 188928K, used 11195K [0x00000000eab00000, 0x00000000f9980000, 0x0000000100000000)
  eden space 167936K, 0% used [0x00000000eab00000,0x00000000eab00000,0x00000000f4f00000)
  from space 20992K, 53% used [0x00000000f4f00000,0x00000000f59eee28,0x00000000f6380000)
  to   space 20480K, 0% used [0x00000000f8580000,0x00000000f8580000,0x00000000f9980000)
 ParOldGen       total 99328K, used 40750K [0x00000000c0000000, 0x00000000c6100000, 0x00000000eab00000)
  object space 99328K, 41% used [0x00000000c0000000,0x00000000c27cb890,0x00000000c6100000)
 Metaspace       used 56947K, capacity 59118K, committed 59440K, reserved 1099776K
  class space    used 7660K, capacity 8152K, committed 8240K, reserved 1048576K
}
Event: 78.467 GC heap before
{Heap before GC invocations=17 (full 3):
 PSYoungGen      total 188928K, used 179131K [0x00000000eab00000, 0x00000000f9980000, 0x0000000100000000)
  eden space 167936K, 100% used [0x00000000eab00000,0x00000000f4f00000,0x00000000f4f00000)
  from space 20992K, 53% used [0x00000000f4f00000,0x00000000f59eee28,0x00000000f6380000)
  to   space 20480K, 0% used [0x00000000f8580000,0x00000000f8580000,0x00000000f9980000)
 ParOldGen       total 99328K, used 40750K [0x00000000c0000000, 0x00000000c6100000, 0x00000000eab00000)
  object space 99328K, 41% used [0x00000000c0000000,0x00000000c27cb890,0x00000000c6100000)
 Metaspace       used 58396K, capacity 60802K, committed 60848K, reserved 1101824K
  class space    used 7816K, capacity 8360K, committed 8368K, reserved 1048576K
Event: 78.483 GC heap after
Heap after GC invocations=17 (full 3):
 PSYoungGen      total 209408K, used 10428K [0x00000000eab00000, 0x00000000f9180000, 0x0000000100000000)
  eden space 197120K, 0% used [0x00000000eab00000,0x00000000eab00000,0x00000000f6b80000)
  from space 12288K, 84% used [0x00000000f8580000,0x00000000f8faf108,0x00000000f9180000)
  to   space 19456K, 0% used [0x00000000f6b80000,0x00000000f6b80000,0x00000000f7e80000)
 ParOldGen       total 99328K, used 40758K [0x00000000c0000000, 0x00000000c6100000, 0x00000000eab00000)
  object space 99328K, 41% used [0x00000000c0000000,0x00000000c27cd890,0x00000000c6100000)
 Metaspace       used 58396K, capacity 60802K, committed 60848K, reserved 1101824K
  class space    used 7816K, capacity 8360K, committed 8368K, reserved 1048576K
}
Event: 84.798 GC heap before
{Heap before GC invocations=18 (full 3):
 PSYoungGen      total 209408K, used 207548K [0x00000000eab00000, 0x00000000f9180000, 0x0000000100000000)
  eden space 197120K, 100% used [0x00000000eab00000,0x00000000f6b80000,0x00000000f6b80000)
  from space 12288K, 84% used [0x00000000f8580000,0x00000000f8faf108,0x00000000f9180000)
  to   space 19456K, 0% used [0x00000000f6b80000,0x00000000f6b80000,0x00000000f7e80000)
 ParOldGen       total 99328K, used 40758K [0x00000000c0000000, 0x00000000c6100000, 0x00000000eab00000)
  object space 99328K, 41% used [0x00000000c0000000,0x00000000c27cd890,0x00000000c6100000)
 Metaspace       used 63098K, capacity 65594K, committed 65840K, reserved 1105920K
  class space    used 8357K, capacity 8922K, committed 9008K, reserved 1048576K
Event: 84.855 GC heap after
Heap after GC invocations=18 (full 3):
 PSYoungGen      total 216576K, used 19450K [0x00000000eab00000, 0x00000000fb880000, 0x0000000100000000)
  eden space 197120K, 0% used [0x00000000eab00000,0x00000000eab00000,0x00000000f6b80000)
  from space 19456K, 99% used [0x00000000f6b80000,0x00000000f7e7e938,0x00000000f7e80000)
  to   space 22528K, 0% used [0x00000000fa280000,0x00000000fa280000,0x00000000fb880000)
 ParOldGen       total 99328K, used 43148K [0x00000000c0000000, 0x00000000c6100000, 0x00000000eab00000)
  object space 99328K, 43% used [0x00000000c0000000,0x00000000c2a23320,0x00000000c6100000)
 Metaspace       used 63098K, capacity 65594K, committed 65840K, reserved 1105920K
  class space    used 8357K, capacity 8922K, committed 9008K, reserved 1048576K
}
Event: 95.496 GC heap before
{Heap before GC invocations=19 (full 3):
 PSYoungGen      total 216576K, used 216570K [0x00000000eab00000, 0x00000000fb880000, 0x0000000100000000)
  eden space 197120K, 100% used [0x00000000eab00000,0x00000000f6b80000,0x00000000f6b80000)
  from space 19456K, 99% used [0x00000000f6b80000,0x00000000f7e7e938,0x00000000f7e80000)
  to   space 22528K, 0% used [0x00000000fa280000,0x00000000fa280000,0x00000000fb880000)
 ParOldGen       total 99328K, used 43148K [0x00000000c0000000, 0x00000000c6100000, 0x00000000eab00000)
  object space 99328K, 43% used [0x00000000c0000000,0x00000000c2a23320,0x00000000c6100000)
 Metaspace       used 64292K, capacity 66752K, committed 66992K, reserved 1107968K
  class space    used 8456K, capacity 9051K, committed 9136K, reserved 1048576K
Event: 95.554 GC heap after
Heap after GC invocations=19 (full 3):
 PSYoungGen      total 248320K, used 22527K [0x00000000eab00000, 0x00000000fc000000, 0x0000000100000000)
  eden space 225792K, 0% used [0x00000000eab00000,0x00000000eab00000,0x00000000f8780000)
  from space 22528K, 99% used [0x00000000fa280000,0x00000000fb87ffc0,0x00000000fb880000)
  to   space 27648K, 0% used [0x00000000f8780000,0x00000000f8780000,0x00000000fa280000)
 ParOldGen       total 99328K, used 48352K [0x00000000c0000000, 0x00000000c6100000, 0x00000000eab00000)
  object space 99328K, 48% used [0x00000000c0000000,0x00000000c2f38340,0x00000000c6100000)
 Metaspace       used 64292K, capacity 66752K, committed 66992K, reserved 1107968K
  class space    used 8456K, capacity 9051K, committed 9136K, reserved 1048576K
}
Event: 98.306 GC heap before
{Heap before GC invocations=20 (full 3):
 PSYoungGen      total 248320K, used 247405K [0x00000000eab00000, 0x00000000fc000000, 0x0000000100000000)
  eden space 225792K, 99% used [0x00000000eab00000,0x00000000f869b500,0x00000000f8780000)
  from space 22528K, 99% used [0x00000000fa280000,0x00000000fb87ffc0,0x00000000fb880000)
  to   space 27648K, 0% used [0x00000000f8780000,0x00000000f8780000,0x00000000fa280000)
 ParOldGen       total 99328K, used 48352K [0x00000000c0000000, 0x00000000c6100000, 0x00000000eab00000)
  object space 99328K, 48% used [0x00000000c0000000,0x00000000c2f38340,0x00000000c6100000)
 Metaspace       used 65205K, capacity 67868K, committed 68144K, reserved 1107968K
  class space    used 8587K, capacity 9187K, committed 9264K, reserved 1048576K
Event: 98.364 GC heap after
Heap after GC invocations=20 (full 3):
 PSYoungGen      total 253440K, used 24063K [0x00000000eab00000, 0x00000000fc000000, 0x0000000100000000)
  eden space 225792K, 0% used [0x00000000eab00000,0x00000000eab00000,0x00000000f8780000)
  from space 27648K, 87% used [0x00000000f8780000,0x00000000f9efff60,0x00000000fa280000)
  to   space 22528K, 0% used [0x00000000fa280000,0x00000000fa280000,0x00000000fb880000)
 ParOldGen       total 99328K, used 48360K [0x00000000c0000000, 0x00000000c6100000, 0x00000000eab00000)
  object space 99328K, 48% used [0x00000000c0000000,0x00000000c2f3a340,0x00000000c6100000)
 Metaspace       used 65205K, capacity 67868K, committed 68144K, reserved 1107968K
  class space    used 8587K, capacity 9187K, committed 9264K, reserved 1048576K
}

