# JRE version: OpenJDK Runtime Environment (8.0_76-b03) (build 1.8.0_76-release-b03)
# Java VM: OpenJDK 64-Bit Server VM (25.76-b03 mixed mode windows-amd64 compressed oops)
Heap:
 PSYoungGen      total 250368K, used 15306K [0x00000000eab00000, 0x00000000fba80000, 0x0000000100000000)
  eden space 221184K, 2% used [0x00000000eab00000,0x00000000eb0b6418,0x00000000f8300000)
  from space 29184K, 32% used [0x00000000f9e00000,0x00000000fa73c4a8,0x00000000fba80000)
  to   space 27648K, 0% used [0x00000000f8300000,0x00000000f8300000,0x00000000f9e00000)
 ParOldGen       total 192512K, used 48555K [0x00000000c0000000, 0x00000000cbc00000, 0x00000000eab00000)
  object space 192512K, 25% used [0x00000000c0000000,0x00000000c2f6ade0,0x00000000cbc00000)
 Metaspace       used 60781K, capacity 62588K, committed 62872K, reserved 1103872K
  class space    used 7915K, capacity 8356K, committed 8368K, reserved 1048576K
GC Heap History (10 events):
Event: 14.857 GC heap before
{Heap before GC invocations=11 (full 2):
 PSYoungGen      total 177664K, used 177648K [0x00000000eab00000, 0x00000000f6d80000, 0x0000000100000000)
  eden space 162304K, 100% used [0x00000000eab00000,0x00000000f4980000,0x00000000f4980000)
  from space 15360K, 99% used [0x00000000f5b80000,0x00000000f6a7c050,0x00000000f6a80000)
  to   space 18432K, 0% used [0x00000000f4980000,0x00000000f4980000,0x00000000f5b80000)
 ParOldGen       total 122368K, used 21982K [0x00000000c0000000, 0x00000000c7780000, 0x00000000eab00000)
  object space 122368K, 17% used [0x00000000c0000000,0x00000000c1577a78,0x00000000c7780000)
 Metaspace       used 51120K, capacity 52422K, committed 52656K, reserved 1095680K
  class space    used 6745K, capacity 7085K, committed 7088K, reserved 1048576K
Event: 14.888 GC heap after
Heap after GC invocations=11 (full 2):
 PSYoungGen      total 180736K, used 18432K [0x00000000eab00000, 0x00000000f9280000, 0x0000000100000000)
  eden space 162304K, 0% used [0x00000000eab00000,0x00000000eab00000,0x00000000f4980000)
  from space 18432K, 100% used [0x00000000f4980000,0x00000000f5b80000,0x00000000f5b80000)
  to   space 21504K, 0% used [0x00000000f7d80000,0x00000000f7d80000,0x00000000f9280000)
 ParOldGen       total 122368K, used 23021K [0x00000000c0000000, 0x00000000c7780000, 0x00000000eab00000)
  object space 122368K, 18% used [0x00000000c0000000,0x00000000c167b770,0x00000000c7780000)
 Metaspace       used 51120K, capacity 52422K, committed 52656K, reserved 1095680K
  class space    used 6745K, capacity 7085K, committed 7088K, reserved 1048576K
}
Event: 17.606 GC heap before
{Heap before GC invocations=12 (full 2):
 PSYoungGen      total 180736K, used 140908K [0x00000000eab00000, 0x00000000f9280000, 0x0000000100000000)
  eden space 162304K, 75% used [0x00000000eab00000,0x00000000f229b0b0,0x00000000f4980000)
  from space 18432K, 100% used [0x00000000f4980000,0x00000000f5b80000,0x00000000f5b80000)
  to   space 21504K, 0% used [0x00000000f7d80000,0x00000000f7d80000,0x00000000f9280000)
 ParOldGen       total 122368K, used 23021K [0x00000000c0000000, 0x00000000c7780000, 0x00000000eab00000)
  object space 122368K, 18% used [0x00000000c0000000,0x00000000c167b770,0x00000000c7780000)
 Metaspace       used 57545K, capacity 58998K, committed 59160K, reserved 1099776K
  class space    used 7531K, capacity 7889K, committed 7984K, reserved 1048576K
Event: 17.650 GC heap after
Heap after GC invocations=12 (full 2):
 PSYoungGen      total 207360K, used 21499K [0x00000000eab00000, 0x00000000fa480000, 0x0000000100000000)
  eden space 185856K, 0% used [0x00000000eab00000,0x00000000eab00000,0x00000000f6080000)
  from space 21504K, 99% used [0x00000000f7d80000,0x00000000f927ec90,0x00000000f9280000)
  to   space 29696K, 0% used [0x00000000f6080000,0x00000000f6080000,0x00000000f7d80000)
 ParOldGen       total 122368K, used 36639K [0x00000000c0000000, 0x00000000c7780000, 0x00000000eab00000)
  object space 122368K, 29% used [0x00000000c0000000,0x00000000c23c7de0,0x00000000c7780000)
 Metaspace       used 57545K, capacity 58998K, committed 59160K, reserved 1099776K
  class space    used 7531K, capacity 7889K, committed 7984K, reserved 1048576K
}
Event: 17.650 GC heap before
{Heap before GC invocations=13 (full 3):
 PSYoungGen      total 207360K, used 21499K [0x00000000eab00000, 0x00000000fa480000, 0x0000000100000000)
  eden space 185856K, 0% used [0x00000000eab00000,0x00000000eab00000,0x00000000f6080000)
  from space 21504K, 99% used [0x00000000f7d80000,0x00000000f927ec90,0x00000000f9280000)
  to   space 29696K, 0% used [0x00000000f6080000,0x00000000f6080000,0x00000000f7d80000)
 ParOldGen       total 122368K, used 36639K [0x00000000c0000000, 0x00000000c7780000, 0x00000000eab00000)
  object space 122368K, 29% used [0x00000000c0000000,0x00000000c23c7de0,0x00000000c7780000)
 Metaspace       used 57545K, capacity 58998K, committed 59160K, reserved 1099776K
  class space    used 7531K, capacity 7889K, committed 7984K, reserved 1048576K
Event: 17.973 GC heap after
Heap after GC invocations=13 (full 3):
 PSYoungGen      total 207360K, used 0K [0x00000000eab00000, 0x00000000fa480000, 0x0000000100000000)
  eden space 185856K, 0% used [0x00000000eab00000,0x00000000eab00000,0x00000000f6080000)
  from space 21504K, 0% used [0x00000000f7d80000,0x00000000f7d80000,0x00000000f9280000)
  to   space 29696K, 0% used [0x00000000f6080000,0x00000000f6080000,0x00000000f7d80000)
 ParOldGen       total 192512K, used 48539K [0x00000000c0000000, 0x00000000cbc00000, 0x00000000eab00000)
  object space 192512K, 25% used [0x00000000c0000000,0x00000000c2f66de0,0x00000000cbc00000)
 Metaspace       used 57543K, capacity 58992K, committed 59160K, reserved 1099776K
  class space    used 7530K, capacity 7888K, committed 7984K, reserved 1048576K
}
Event: 19.109 GC heap before
{Heap before GC invocations=14 (full 3):
 PSYoungGen      total 207360K, used 185065K [0x00000000eab00000, 0x00000000fa480000, 0x0000000100000000)
  eden space 185856K, 99% used [0x00000000eab00000,0x00000000f5fba508,0x00000000f6080000)
  from space 21504K, 0% used [0x00000000f7d80000,0x00000000f7d80000,0x00000000f9280000)
  to   space 29696K, 0% used [0x00000000f6080000,0x00000000f6080000,0x00000000f7d80000)
 ParOldGen       total 192512K, used 48539K [0x00000000c0000000, 0x00000000cbc00000, 0x00000000eab00000)
  object space 192512K, 25% used [0x00000000c0000000,0x00000000c2f66de0,0x00000000cbc00000)
 Metaspace       used 58850K, capacity 60436K, committed 60568K, reserved 1101824K
  class space    used 7683K, capacity 8100K, committed 8112K, reserved 1048576K
Event: 19.119 GC heap after
Heap after GC invocations=14 (full 3):
 PSYoungGen      total 215552K, used 7565K [0x00000000eab00000, 0x00000000fba80000, 0x0000000100000000)
  eden space 185856K, 0% used [0x00000000eab00000,0x00000000eab00000,0x00000000f6080000)
  from space 29696K, 25% used [0x00000000f6080000,0x00000000f67e3510,0x00000000f7d80000)
  to   space 29184K, 0% used [0x00000000f9e00000,0x00000000f9e00000,0x00000000fba80000)
 ParOldGen       total 192512K, used 48547K [0x00000000c0000000, 0x00000000cbc00000, 0x00000000eab00000)
  object space 192512K, 25% used [0x00000000c0000000,0x00000000c2f68de0,0x00000000cbc00000)
 Metaspace       used 58850K, capacity 60436K, committed 60568K, reserved 1101824K
  class space    used 7683K, capacity 8100K, committed 8112K, reserved 1048576K
}
Event: 20.633 GC heap before
{Heap before GC invocations=15 (full 3):
 PSYoungGen      total 215552K, used 193421K [0x00000000eab00000, 0x00000000fba80000, 0x0000000100000000)
  eden space 185856K, 100% used [0x00000000eab00000,0x00000000f6080000,0x00000000f6080000)
  from space 29696K, 25% used [0x00000000f6080000,0x00000000f67e3510,0x00000000f7d80000)
  to   space 29184K, 0% used [0x00000000f9e00000,0x00000000f9e00000,0x00000000fba80000)
 ParOldGen       total 192512K, used 48547K [0x00000000c0000000, 0x00000000cbc00000, 0x00000000eab00000)
  object space 192512K, 25% used [0x00000000c0000000,0x00000000c2f68de0,0x00000000cbc00000)
 Metaspace       used 60780K, capacity 62588K, committed 62872K, reserved 1103872K
  class space    used 7915K, capacity 8356K, committed 8368K, reserved 1048576K
Event: 20.659 GC heap after
Heap after GC invocations=15 (full 3):
 PSYoungGen      total 250368K, used 9457K [0x00000000eab00000, 0x00000000fba80000, 0x0000000100000000)
  eden space 221184K, 0% used [0x00000000eab00000,0x00000000eab00000,0x00000000f8300000)
  from space 29184K, 32% used [0x00000000f9e00000,0x00000000fa73c4a8,0x00000000fba80000)
  to   space 27648K, 0% used [0x00000000f8300000,0x00000000f8300000,0x00000000f9e00000)
 ParOldGen       total 192512K, used 48555K [0x00000000c0000000, 0x00000000cbc00000, 0x00000000eab00000)
  object space 192512K, 25% used [0x00000000c0000000,0x00000000c2f6ade0,0x00000000cbc00000)
 Metaspace       used 60780K, capacity 62588K, committed 62872K, reserved 1103872K
  class space    used 7915K, capacity 8356K, committed 8368K, reserved 1048576K
}

